E:\HERBERT PROJECT\MEANSHIFT\MEANSHIFT\DEBUG\MAIN.OBJ
E:\HERBERT PROJECT\MEANSHIFT\MEANSHIFT\DEBUG\VC110.PDB
E:\HERBERT PROJECT\MEANSHIFT\DEBUG\MEANSHIFT.ILK
E:\HERBERT PROJECT\MEANSHIFT\DEBUG\MEANSHIFT.EXE
E:\HERBERT PROJECT\MEANSHIFT\DEBUG\MEANSHIFT.PDB
E:\Herbert Project\meanshift\meanshift\Debug\main.obj
E:\Herbert Project\meanshift\meanshift\Debug\cl.command.1.tlog
E:\Herbert Project\meanshift\meanshift\Debug\CL.read.1.tlog
E:\Herbert Project\meanshift\meanshift\Debug\CL.write.1.tlog
E:\Herbert Project\meanshift\meanshift\Debug\link-cvtres.read.1.tlog
E:\Herbert Project\meanshift\meanshift\Debug\link-cvtres.write.1.tlog
E:\Herbert Project\meanshift\meanshift\Debug\link-rc.read.1.tlog
E:\Herbert Project\meanshift\meanshift\Debug\link-rc.write.1.tlog
E:\Herbert Project\meanshift\meanshift\Debug\link.command.1.tlog
E:\Herbert Project\meanshift\meanshift\Debug\link.read.1.tlog
E:\Herbert Project\meanshift\meanshift\Debug\link.write.1.tlog
E:\Herbert Project\meanshift\meanshift\Debug\vc110.idb
E:\Herbert Project\meanshift\meanshift\Debug\vc110.pdb
E:\Herbert Project\meanshift\Debug\meanshift.pdb
E:\Herbert Project\meanshift\Debug\meanshift.exe
E:\Herbert Project\meanshift\Debug\meanshift.ilk
